<?xml version="1.0" encoding="UTF-8"?>
<!-- Generated by org.testng.reporters.JUnitXMLReporter -->
<testsuite ignored="0" hostname="DESKTOP-PJC19OA" failures="1" tests="2" name="Test" time="60.437" errors="0" timestamp="2020-08-14T14:50:43 BDT">
  <testcase classname="io.cucumber.testng.AbstractTestNGCucumberTests" name="runScenario" time="30.557"/>
  <testcase classname="io.cucumber.testng.AbstractTestNGCucumberTests" name="runScenario" time="29.338">
    <failure type="java.lang.AssertionError" message="Login button name mismatch, Expected: Log Out Actual: LOG IN expected [true] but found [false]">
      <![CDATA[java.lang.AssertionError: Login button name mismatch, Expected: Log Out Actual: LOG IN expected [true] but found [false]
at org.testng.Assert.fail(Assert.java:99)
at org.testng.Assert.failNotEquals(Assert.java:1037)
at org.testng.Assert.assertTrue(Assert.java:45)
at com.ebc.pageObects.myAccount.registeredUser.DashboardPage.verifyThePresenceOfDashboardPage(DashboardPage.java:25)
at com.ebc.stepDefinations.CommonSteps.dashboardWithUsernameIsAppeared(CommonSteps.java:48)
at ✽.dashboard with username is appeared(file:///C:/Users/Rashed/source/AutomationWithJava/javaProjects/EasterBunnyCard/src/test/resources/features/login.feature:8)
]]>
    </failure>
  </testcase> <!-- runScenario -->
</testsuite> <!-- Test -->
