-------------------------------------------------------------------------------
Test set: TestSuite
-------------------------------------------------------------------------------
Tests run: 2, Failures: 1, Errors: 0, Skipped: 0, Time elapsed: 61.62 s <<< FAILURE! - in TestSuite
com.ebc.runner.TestRunner.runScenario["This is test scenario", "Optional[As a user, I can login with the valid credential]"](2)  Time elapsed: 29.322 s  <<< FAILURE!
java.lang.AssertionError: Login button name mismatch, Expected: Log Out Actual: LOG IN expected [true] but found [false]

