<?xml version="1.0" encoding="UTF-8"?>
<testsuite xmlns:xsi="http://www.w3.org/2001/XMLSchema-instance" xsi:noNamespaceSchemaLocation="https://maven.apache.org/surefire/maven-surefire-plugin/xsd/surefire-test-report-3.0.xsd" version="3.0" name="TestSuite" time="61.62" tests="2" errors="0" skipped="0" failures="1">
  <properties>
[...]
</properties>
  <testcase name="runScenario[&quot;Verify that user can register a new account by using signup form&quot;, &quot;Optional[As a new user, I can register a new account]&quot;](1)" classname="com.ebc.runner.TestRunner" time="30.606">
    <system-out><![CDATA[test ng onStart
]]></system-out>
    <system-err><![CDATA[Starting ChromeDriver 83.0.4103.39 (ccbf011cb2d2b19b506d844400483861342c20cd-refs/branch-heads/4103@{#416}) on port 41412
Only local connections are allowed.
Please see https://chromedriver.chromium.org/security-considerations for suggestions on keeping ChromeDriver safe.
ChromeDriver was started successfully.
[1597394986.140][WARNING]: This version of ChromeDriver has not been tested with Chrome version 84.
Aug 14, 2020 2:49:48 PM org.openqa.selenium.remote.ProtocolHandshake createSession
INFO: Detected dialect: W3C
]]></system-err>
  </testcase>
  <testcase name="runScenario[&quot;This is test scenario&quot;, &quot;Optional[As a user, I can login with the valid credential]&quot;](2)" classname="com.ebc.runner.TestRunner" time="29.322">
    <failure message="Login button name mismatch, Expected: Log Out Actual: LOG IN expected [true] but found [false]" type="java.lang.AssertionError"><![CDATA[java.lang.AssertionError: Login button name mismatch, Expected: Log Out Actual: LOG IN expected [true] but found [false]
]]></failure>
    <system-err><![CDATA[Starting ChromeDriver 83.0.4103.39 (ccbf011cb2d2b19b506d844400483861342c20cd-refs/branch-heads/4103@{#416}) on port 36582
Only local connections are allowed.
Please see https://chromedriver.chromium.org/security-considerations for suggestions on keeping ChromeDriver safe.
ChromeDriver was started successfully.
[1597395015.754][WARNING]: This version of ChromeDriver has not been tested with Chrome version 84.
Aug 14, 2020 2:50:17 PM org.openqa.selenium.remote.ProtocolHandshake createSession
INFO: Detected dialect: W3C
]]></system-err>
  </testcase>
</testsuite>